!3 !-slim-!
|'''Date: '''| 10:30:26 AM (MEZ) on Montag, November 9, 2015 |
|'''Test Page: '''|.AppiumTests.HawAppSuite.TestFall|
|'''Command: '''| !-java -Dwaits.after.teststep=1 -Dlog4j.configuration=file:C:\Users\daniel\.testeditor\.metadata/testEditorLog4j/log4j.xml -cp C:\TestEditor\plugins\org.testeditor.fixture.lib_1.8.0\fixture\appium-fixture-2.5.2-SNAPSHOT.jar;C:\TestEditor\plugins\org.testeditor.fixture.lib_1.8.0\lib\ant-1.7.1.jar;C:\TestEditor\plugins\org.testeditor.fixture.lib_1.8.0\lib\ant-launcher-1.7.1.jar;C:\TestEditor\plugins\org.testeditor.fixture.lib_1.8.0\lib\aopalliance-1.0.jar;C:\TestEditor\plugins\org.testeditor.fixture.lib_1.8.0\lib\asm-2.2.3.jar;C:\TestEditor\plugins\org.testeditor.fixture.lib_1.8.0\lib\asm-4.2.jar;C:\TestEditor\plugins\org.testeditor.fixture.lib_1.8.0\lib\bcpkix-jdk15on-1.48.jar;C:\TestEditor\plugins\org.testeditor.fixture.lib_1.8.0\lib\bcprov-jdk15on-1.48.jar;C:\TestEditor\plugins\org.testeditor.fixture.lib_1.8.0\lib\cglib-3.1.jar;C:\TestEditor\plugins\org.testeditor.fixture.lib_1.8.0\lib\cglib-nodep-2.1_3.jar;C:\TestEditor\plugins\org.testeditor.fixture.lib_1.8.0\lib\commons-codec-1.4.jar;C:\TestEditor\plugins\org.testeditor.fixture.lib_1.8.0\lib\commons-codec-1.6.jar;C:\TestEditor\plugins\org.testeditor.fixture.lib_1.8.0\lib\commons-collections-3.2.1.jar;C:\TestEditor\plugins\org.testeditor.fixture.lib_1.8.0\lib\commons-exec-1.1.jar;C:\TestEditor\plugins\org.testeditor.fixture.lib_1.8.0\lib\commons-io-2.2.jar;C:\TestEditor\plugins\org.testeditor.fixture.lib_1.8.0\lib\commons-io-2.4.jar;C:\TestEditor\plugins\org.testeditor.fixture.lib_1.8.0\lib\commons-lang-2.4.jar;C:\TestEditor\plugins\org.testeditor.fixture.lib_1.8.0\lib\commons-lang3-3.1.jar;C:\TestEditor\plugins\org.testeditor.fixture.lib_1.8.0\lib\commons-lang3-3.3.2.jar;C:\TestEditor\plugins\org.testeditor.fixture.lib_1.8.0\lib\commons-logging-1.1.1.jar;C:\TestEditor\plugins\org.testeditor.fixture.lib_1.8.0\lib\commons-logging-1.1.3.jar;C:\TestEditor\plugins\org.testeditor.fixture.lib_1.8.0\lib\core-fixture-1.8.0.jar;C:\TestEditor\plugins\org.testeditor.fixture.lib_1.8.0\lib\core-fixture-2.5.2-SNAPSHOT.jar;C:\TestEditor\plugins\org.testeditor.fixture.lib_1.8.0\lib\cssparser-0.9.14.jar;C:\TestEditor\plugins\org.testeditor.fixture.lib_1.8.0\lib\cssparser-0.9.9.jar;C:\TestEditor\plugins\org.testeditor.fixture.lib_1.8.0\lib\cxf-api-2.2.3.jar;C:\TestEditor\plugins\org.testeditor.fixture.lib_1.8.0\lib\cxf-common-schemas-2.2.3.jar;C:\TestEditor\plugins\org.testeditor.fixture.lib_1.8.0\lib\cxf-common-utilities-2.2.3.jar;C:\TestEditor\plugins\org.testeditor.fixture.lib_1.8.0\lib\cxf-rt-bindings-soap-2.2.3.jar;C:\TestEditor\plugins\org.testeditor.fixture.lib_1.8.0\lib\cxf-rt-bindings-xml-2.2.3.jar;C:\TestEditor\plugins\org.testeditor.fixture.lib_1.8.0\lib\cxf-rt-core-2.2.3.jar;C:\TestEditor\plugins\org.testeditor.fixture.lib_1.8.0\lib\cxf-rt-databinding-jaxb-2.2.3.jar;C:\TestEditor\plugins\org.testeditor.fixture.lib_1.8.0\lib\cxf-rt-frontend-jaxws-2.2.3.jar;C:\TestEditor\plugins\org.testeditor.fixture.lib_1.8.0\lib\cxf-rt-frontend-simple-2.2.3.jar;C:\TestEditor\plugins\org.testeditor.fixture.lib_1.8.0\lib\cxf-rt-transports-http-2.2.3.jar;C:\TestEditor\plugins\org.testeditor.fixture.lib_1.8.0\lib\cxf-rt-ws-addr-2.2.3.jar;C:\TestEditor\plugins\org.testeditor.fixture.lib_1.8.0\lib\cxf-tools-common-2.2.3.jar;C:\TestEditor\plugins\org.testeditor.fixture.lib_1.8.0\lib\FastInfoset-1.2.7.jar;C:\TestEditor\plugins\org.testeditor.fixture.lib_1.8.0\lib\fest-assert-1.4.jar;C:\TestEditor\plugins\org.testeditor.fixture.lib_1.8.0\lib\fest-reflect-1.2.jar;C:\TestEditor\plugins\org.testeditor.fixture.lib_1.8.0\lib\fest-swing-1.2.1.jar;C:\TestEditor\plugins\org.testeditor.fixture.lib_1.8.0\lib\fest-util-1.1.3.jar;C:\TestEditor\plugins\org.testeditor.fixture.lib_1.8.0\lib\fitnesse-20121220_Build_20140417.jar;C:\TestEditor\plugins\org.testeditor.fixture.lib_1.8.0\lib\GeburtstagsListenVerwaltung-1.0-jar-with-dependencies.jar;C:\TestEditor\plugins\org.testeditor.fixture.lib_1.8.0\lib\geronimo-activation_1.1_spec-1.0.2.jar;C:\TestEditor\plugins\org.testeditor.fixture.lib_1.8.0\lib\geronimo-annotation_1.0_spec-1.1.1.jar;C:\TestEditor\plugins\org.testeditor.fixture.lib_1.8.0\lib\geronimo-javamail_1.4_spec-1.6.jar;C:\TestEditor\plugins\org.testeditor.fixture.lib_1.8.0\lib\geronimo-jaxws_2.1_spec-1.0.jar;C:\TestEditor\plugins\org.testeditor.fixture.lib_1.8.0\lib\geronimo-stax-api_1.0_spec-1.0.1.jar;C:\TestEditor\plugins\org.testeditor.fixture.lib_1.8.0\lib\geronimo-ws-metadata_2.0_spec-1.1.2.jar;C:\TestEditor\plugins\org.testeditor.fixture.lib_1.8.0\lib\gson-2.2.4.jar;C:\TestEditor\plugins\org.testeditor.fixture.lib_1.8.0\lib\guava-17.0.jar;C:\TestEditor\plugins\org.testeditor.fixture.lib_1.8.0\lib\hamcrest-all-1.3.jar;C:\TestEditor\plugins\org.testeditor.fixture.lib_1.8.0\lib\hamcrest-core-1.3.jar;C:\TestEditor\plugins\org.testeditor.fixture.lib_1.8.0\lib\htmllexer-2.1.jar;C:\TestEditor\plugins\org.testeditor.fixture.lib_1.8.0\lib\htmlparser-2.1.jar;C:\TestEditor\plugins\org.testeditor.fixture.lib_1.8.0\lib\htmlunit-2.15.jar;C:\TestEditor\plugins\org.testeditor.fixture.lib_1.8.0\lib\htmlunit-core-js-2.15.jar;C:\TestEditor\plugins\org.testeditor.fixture.lib_1.8.0\lib\httpclient-4.3.3.jar;C:\TestEditor\plugins\org.testeditor.fixture.lib_1.8.0\lib\httpcore-4.3.2.jar;C:\TestEditor\plugins\org.testeditor.fixture.lib_1.8.0\lib\httpmime-4.3.3.jar;C:\TestEditor\plugins\org.testeditor.fixture.lib_1.8.0\lib\jamon-2.75.jar;C:\TestEditor\plugins\org.testeditor.fixture.lib_1.8.0\lib\java-client-2.1.0.jar;C:\TestEditor\plugins\org.testeditor.fixture.lib_1.8.0\lib\javassist-3.18.2-GA.jar;C:\TestEditor\plugins\org.testeditor.fixture.lib_1.8.0\lib\jaxb-api-2.1.jar;C:\TestEditor\plugins\org.testeditor.fixture.lib_1.8.0\lib\jaxb-impl-2.1.12.jar;C:\TestEditor\plugins\org.testeditor.fixture.lib_1.8.0\lib\jcip-annotations-1.0.jar;C:\TestEditor\plugins\org.testeditor.fixture.lib_1.8.0\lib\jetty-http-8.1.15.v20140411.jar;C:\TestEditor\plugins\org.testeditor.fixture.lib_1.8.0\lib\jetty-io-8.1.15.v20140411.jar;C:\TestEditor\plugins\org.testeditor.fixture.lib_1.8.0\lib\jetty-repacked-7.6.1.jar;C:\TestEditor\plugins\org.testeditor.fixture.lib_1.8.0\lib\jetty-util-8.1.15.v20140411.jar;C:\TestEditor\plugins\org.testeditor.fixture.lib_1.8.0\lib\jetty-websocket-8.1.15.v20140411.jar;C:\TestEditor\plugins\org.testeditor.fixture.lib_1.8.0\lib\jna-3.4.0.jar;C:\TestEditor\plugins\org.testeditor.fixture.lib_1.8.0\lib\json-20090211.jar;C:\TestEditor\plugins\org.testeditor.fixture.lib_1.8.0\lib\junit-4.12.jar;C:\TestEditor\plugins\org.testeditor.fixture.lib_1.8.0\lib\log4j-1.2.17.jar;C:\TestEditor\plugins\org.testeditor.fixture.lib_1.8.0\lib\mockito-all-1.9.5-rc1.jar;C:\TestEditor\plugins\org.testeditor.fixture.lib_1.8.0\lib\mx4j-tools-3.0.1.jar;C:\TestEditor\plugins\org.testeditor.fixture.lib_1.8.0\lib\neethi-2.0.4.jar;C:\TestEditor\plugins\org.testeditor.fixture.lib_1.8.0\lib\nekohtml-1.9.21.jar;C:\TestEditor\plugins\org.testeditor.fixture.lib_1.8.0\lib\netty-3.5.5.Final.jar;C:\TestEditor\plugins\org.testeditor.fixture.lib_1.8.0\lib\objenesis-2.1.jar;C:\TestEditor\plugins\org.testeditor.fixture.lib_1.8.0\lib\platform-3.4.0.jar;C:\TestEditor\plugins\org.testeditor.fixture.lib_1.8.0\lib\powermock-api-mockito-1.5.5.jar;C:\TestEditor\plugins\org.testeditor.fixture.lib_1.8.0\lib\powermock-api-support-1.5.5.jar;C:\TestEditor\plugins\org.testeditor.fixture.lib_1.8.0\lib\powermock-core-1.5.5.jar;C:\TestEditor\plugins\org.testeditor.fixture.lib_1.8.0\lib\powermock-module-junit4-1.5.5.jar;C:\TestEditor\plugins\org.testeditor.fixture.lib_1.8.0\lib\powermock-module-junit4-common-1.5.5.jar;C:\TestEditor\plugins\org.testeditor.fixture.lib_1.8.0\lib\powermock-reflect-1.5.5.jar;C:\TestEditor\plugins\org.testeditor.fixture.lib_1.8.0\lib\saaj-api-1.3.jar;C:\TestEditor\plugins\org.testeditor.fixture.lib_1.8.0\lib\saaj-impl-1.3.2.jar;C:\TestEditor\plugins\org.testeditor.fixture.lib_1.8.0\lib\sac-1.3.jar;C:\TestEditor\plugins\org.testeditor.fixture.lib_1.8.0\lib\selenium-api-2.43.1.jar;C:\TestEditor\plugins\org.testeditor.fixture.lib_1.8.0\lib\selenium-chrome-driver-2.43.1.jar;C:\TestEditor\plugins\org.testeditor.fixture.lib_1.8.0\lib\selenium-firefox-driver-2.43.1.jar;C:\TestEditor\plugins\org.testeditor.fixture.lib_1.8.0\lib\selenium-htmlunit-driver-2.43.1.jar;C:\TestEditor\plugins\org.testeditor.fixture.lib_1.8.0\lib\selenium-ie-driver-2.43.1.jar;C:\TestEditor\plugins\org.testeditor.fixture.lib_1.8.0\lib\selenium-java-2.43.1.jar;C:\TestEditor\plugins\org.testeditor.fixture.lib_1.8.0\lib\selenium-remote-driver-2.43.1.jar;C:\TestEditor\plugins\org.testeditor.fixture.lib_1.8.0\lib\selenium-safari-driver-2.43.1.jar;C:\TestEditor\plugins\org.testeditor.fixture.lib_1.8.0\lib\selenium-server-2.36.0.jar;C:\TestEditor\plugins\org.testeditor.fixture.lib_1.8.0\lib\selenium-support-2.43.1.jar;C:\TestEditor\plugins\org.testeditor.fixture.lib_1.8.0\lib\serializer-2.7.1.jar;C:\TestEditor\plugins\org.testeditor.fixture.lib_1.8.0\lib\servlet-api-2.5-6.1.9.jar;C:\TestEditor\plugins\org.testeditor.fixture.lib_1.8.0\lib\snakeyaml-1.8.jar;C:\TestEditor\plugins\org.testeditor.fixture.lib_1.8.0\lib\spring-asm-3.1.2.RELEASE.jar;C:\TestEditor\plugins\org.testeditor.fixture.lib_1.8.0\lib\spring-beans-2.5.5.jar;C:\TestEditor\plugins\org.testeditor.fixture.lib_1.8.0\lib\spring-context-2.5.5.jar;C:\TestEditor\plugins\org.testeditor.fixture.lib_1.8.0\lib\spring-core-3.1.2.RELEASE.jar;C:\TestEditor\plugins\org.testeditor.fixture.lib_1.8.0\lib\spring-test-3.1.2.RELEASE.jar;C:\TestEditor\plugins\org.testeditor.fixture.lib_1.8.0\lib\spring-web-2.5.5.jar;C:\TestEditor\plugins\org.testeditor.fixture.lib_1.8.0\lib\velocity-1.7.jar;C:\TestEditor\plugins\org.testeditor.fixture.lib_1.8.0\lib\webbit-0.4.15.jar;C:\TestEditor\plugins\org.testeditor.fixture.lib_1.8.0\lib\wsdl4j-1.6.2.jar;C:\TestEditor\plugins\org.testeditor.fixture.lib_1.8.0\lib\wstx-asl-3.2.8.jar;C:\TestEditor\plugins\org.testeditor.fixture.lib_1.8.0\lib\xalan-2.7.1.jar;C:\TestEditor\plugins\org.testeditor.fixture.lib_1.8.0\lib\xercesImpl-2.11.0.jar;C:\TestEditor\plugins\org.testeditor.fixture.lib_1.8.0\lib\xml-apis-1.4.01.jar;C:\TestEditor\plugins\org.testeditor.fixture.lib_1.8.0\lib\xml-resolver-1.2.jar;C:\TestEditor\plugins\org.testeditor.fixture.lib_1.8.0\lib\XmlSchema-1.4.5.jar fitnesse.slim.SlimService -i org.testeditor.fixture.core.interaction.TestEditorLoggingInteraction   8090-! |
|'''Exit code: '''| -1 |
|'''Time elapsed: '''| 164.531 seconds |

----
'''Standard Output:'''
{{{ >>>>> Waiting for tearDown

10:27:43:188 - INFO - org.testeditor.fixture.appium.AbstractAppiumFixture.preInvoke() Pre Invoke: Connecting to Appium
10:30:23:103 - INFO - org.testeditor.fixture.appium.AbstractAppiumFixture.preInvoke() Connected to Appium: ef548b53-bbd6-448d-8af1-427da3b543ba
10:30:24:125 - DEBUG - org.testeditor.fixture.core.interaction.TestEditorLoggingInteraction.methodInvoke() Wait 1000 mili seconds
10:30:24:125 - DEBUG - org.testeditor.fixture.core.interaction.TestEditorLoggingInteraction.methodInvoke() Method : setTimeout ( "10" )
10:30:24:139 - INFO - org.testeditor.fixture.appium.AbstractAppiumFixture.preInvoke() Pre Invoke: Connecting to Appium
10:30:24:188 - ERROR - org.testeditor.fixture.core.interaction.TestEditorLoggingInteraction.methodInvoke() Method : setElementlist ( "C:\Users\daniel\.testeditor/AppiumTests/ElementList.conf" )A new session could not be created. (Original error: Requested a new session but one was in progress) (WARNING: The server did not provide any stacktrace information)
Command duration or timeout: 16 milliseconds
Build info: version: '2.43.1', revision: '5163bceef1bc36d43f3dc0b83c88998168a363a0', time: '2014-09-10 09:43:55'
System info: host: 'daniel-TP', ip: '169.254.123.54', os.name: 'Windows 8.1', os.arch: 'amd64', os.version: '6.3', java.version: '1.8.0_45'
Driver info: io.appium.java_client.android.AndroidDriver
org.openqa.selenium.SessionNotCreatedException: A new session could not be created. (Original error: Requested a new session but one was in progress) (WARNING: The server did not provide any stacktrace information)
Command duration or timeout: 16 milliseconds
Build info: version: '2.43.1', revision: '5163bceef1bc36d43f3dc0b83c88998168a363a0', time: '2014-09-10 09:43:55'
System info: host: 'daniel-TP', ip: '169.254.123.54', os.name: 'Windows 8.1', os.arch: 'amd64', os.version: '6.3', java.version: '1.8.0_45'
Driver info: io.appium.java_client.android.AndroidDriver
	at sun.reflect.NativeConstructorAccessorImpl.newInstance0(Native Method)
	at sun.reflect.NativeConstructorAccessorImpl.newInstance(Unknown Source)
	at sun.reflect.DelegatingConstructorAccessorImpl.newInstance(Unknown Source)
	at java.lang.reflect.Constructor.newInstance(Unknown Source)
	at org.openqa.selenium.remote.ErrorHandler.createThrowable(ErrorHandler.java:204)
	at org.openqa.selenium.remote.ErrorHandler.throwIfResponseFailed(ErrorHandler.java:156)
	at org.openqa.selenium.remote.RemoteWebDriver.execute(RemoteWebDriver.java:599)
	at io.appium.java_client.AppiumDriver.execute(AppiumDriver.java:180)
	at org.openqa.selenium.remote.RemoteWebDriver.startSession(RemoteWebDriver.java:240)
	at org.openqa.selenium.remote.RemoteWebDriver.<init>(RemoteWebDriver.java:126)
	at org.openqa.selenium.remote.RemoteWebDriver.<init>(RemoteWebDriver.java:153)
	at io.appium.java_client.AppiumDriver.<init>(AppiumDriver.java:109)
	at io.appium.java_client.android.AndroidDriver.<init>(AndroidDriver.java:39)
	at org.testeditor.fixture.appium.AbstractAppiumFixture.preInvoke(AbstractAppiumFixture.java:108)
	at org.testeditor.fixture.core.interaction.TestEditorLoggingInteraction.preInvoke(TestEditorLoggingInteraction.java:167)
	at org.testeditor.fixture.core.interaction.TestEditorLoggingInteraction.methodInvoke(TestEditorLoggingInteraction.java:50)
	at fitnesse.slim.MethodExecutor.callMethod(MethodExecutor.java:43)
	at fitnesse.slim.MethodExecutor.invokeMethod(MethodExecutor.java:30)
	at fitnesse.slim.MethodExecutor.findAndInvoke(MethodExecutor.java:52)
	at fitnesse.slim.LibraryMethodExecutor.execute(LibraryMethodExecutor.java:17)
	at fitnesse.slim.StatementExecutor.getMethodExecutionResult(StatementExecutor.java:208)
	at fitnesse.slim.StatementExecutor.call(StatementExecutor.java:198)
	at fitnesse.slim.Statement.callMethodAtIndex(Statement.java:104)
	at fitnesse.slim.Statement.call(Statement.java:97)
	at fitnesse.slim.Statement.execute(Statement.java:77)
	at fitnesse.slim.ListExecutor$Executive.executeStatement(ListExecutor.java:62)
	at fitnesse.slim.ListExecutor$Executive.executeStatements(ListExecutor.java:43)
	at fitnesse.slim.ListExecutor.execute(ListExecutor.java:91)
	at fitnesse.slim.SlimServer.executeInstructions(SlimServer.java:89)
	at fitnesse.slim.SlimServer.processTheInstructions(SlimServer.java:81)
	at fitnesse.slim.SlimServer.processOneSetOfInstructions(SlimServer.java:64)
	at fitnesse.slim.SlimServer.tryProcessInstructions(SlimServer.java:49)
	at fitnesse.slim.SlimServer.serve(SlimServer.java:36)
	at fitnesse.slim.SlimService.accept(SlimService.java:138)
	at fitnesse.slim.SlimService.startWithFactory(SlimService.java:74)
	at fitnesse.slim.SlimService.main(SlimService.java:32)
10:30:24:523 - INFO - org.testeditor.fixture.appium.AbstractAppiumFixture.preInvoke() Pre Invoke: Connecting to Appium
10:30:24:540 - ERROR - org.testeditor.fixture.core.interaction.TestEditorLoggingInteraction.methodInvoke() Method : setTestName ( "AppiumTests.HawAppSuite.TestFall" )A new session could not be created. (Original error: Requested a new session but one was in progress) (WARNING: The server did not provide any stacktrace information)
Command duration or timeout: 14 milliseconds
Build info: version: '2.43.1', revision: '5163bceef1bc36d43f3dc0b83c88998168a363a0', time: '2014-09-10 09:43:55'
System info: host: 'daniel-TP', ip: '169.254.123.54', os.name: 'Windows 8.1', os.arch: 'amd64', os.version: '6.3', java.version: '1.8.0_45'
Driver info: io.appium.java_client.android.AndroidDriver
org.openqa.selenium.SessionNotCreatedException: A new session could not be created. (Original error: Requested a new session but one was in progress) (WARNING: The server did not provide any stacktrace information)
Command duration or timeout: 14 milliseconds
Build info: version: '2.43.1', revision: '5163bceef1bc36d43f3dc0b83c88998168a363a0', time: '2014-09-10 09:43:55'
System info: host: 'daniel-TP', ip: '169.254.123.54', os.name: 'Windows 8.1', os.arch: 'amd64', os.version: '6.3', java.version: '1.8.0_45'
Driver info: io.appium.java_client.android.AndroidDriver
	at sun.reflect.NativeConstructorAccessorImpl.newInstance0(Native Method)
	at sun.reflect.NativeConstructorAccessorImpl.newInstance(Unknown Source)
	at sun.reflect.DelegatingConstructorAccessorImpl.newInstance(Unknown Source)
	at java.lang.reflect.Constructor.newInstance(Unknown Source)
	at org.openqa.selenium.remote.ErrorHandler.createThrowable(ErrorHandler.java:204)
	at org.openqa.selenium.remote.ErrorHandler.throwIfResponseFailed(ErrorHandler.java:156)
	at org.openqa.selenium.remote.RemoteWebDriver.execute(RemoteWebDriver.java:599)
	at io.appium.java_client.AppiumDriver.execute(AppiumDriver.java:180)
	at org.openqa.selenium.remote.RemoteWebDriver.startSession(RemoteWebDriver.java:240)
	at org.openqa.selenium.remote.RemoteWebDriver.<init>(RemoteWebDriver.java:126)
	at org.openqa.selenium.remote.RemoteWebDriver.<init>(RemoteWebDriver.java:153)
	at io.appium.java_client.AppiumDriver.<init>(AppiumDriver.java:109)
	at io.appium.java_client.android.AndroidDriver.<init>(AndroidDriver.java:39)
	at org.testeditor.fixture.appium.AbstractAppiumFixture.preInvoke(AbstractAppiumFixture.java:108)
	at org.testeditor.fixture.core.interaction.TestEditorLoggingInteraction.preInvoke(TestEditorLoggingInteraction.java:167)
	at org.testeditor.fixture.core.interaction.TestEditorLoggingInteraction.methodInvoke(TestEditorLoggingInteraction.java:50)
	at fitnesse.slim.MethodExecutor.callMethod(MethodExecutor.java:43)
	at fitnesse.slim.MethodExecutor.invokeMethod(MethodExecutor.java:30)
	at fitnesse.slim.MethodExecutor.findAndInvoke(MethodExecutor.java:52)
	at fitnesse.slim.LibraryMethodExecutor.execute(LibraryMethodExecutor.java:17)
	at fitnesse.slim.StatementExecutor.getMethodExecutionResult(StatementExecutor.java:208)
	at fitnesse.slim.StatementExecutor.call(StatementExecutor.java:198)
	at fitnesse.slim.Statement.callMethodAtIndex(Statement.java:104)
	at fitnesse.slim.Statement.call(Statement.java:97)
	at fitnesse.slim.Statement.execute(Statement.java:77)
	at fitnesse.slim.ListExecutor$Executive.executeStatement(ListExecutor.java:62)
	at fitnesse.slim.ListExecutor$Executive.executeStatements(ListExecutor.java:43)
	at fitnesse.slim.ListExecutor.execute(ListExecutor.java:91)
	at fitnesse.slim.SlimServer.executeInstructions(SlimServer.java:89)
	at fitnesse.slim.SlimServer.processTheInstructions(SlimServer.java:81)
	at fitnesse.slim.SlimServer.processOneSetOfInstructions(SlimServer.java:64)
	at fitnesse.slim.SlimServer.tryProcessInstructions(SlimServer.java:49)
	at fitnesse.slim.SlimServer.serve(SlimServer.java:36)
	at fitnesse.slim.SlimService.accept(SlimService.java:138)
	at fitnesse.slim.SlimService.startWithFactory(SlimService.java:74)
	at fitnesse.slim.SlimService.main(SlimService.java:32)
 }}}
----
'''Standard Error:'''
{{{ log4j:WARN Continuable parsing error 1 and column 123
log4j:WARN Document root element "log4j:configuration", must match DOCTYPE root "null".
log4j:WARN Continuable parsing error 1 and column 123
log4j:WARN Document is invalid: no grammar found.
log4j:WARN No appenders could be found for logger (org.apache.http.client.protocol.RequestAddCookies).
log4j:WARN Please initialize the log4j system properly.
log4j:WARN See http://logging.apache.org/log4j/1.2/faq.html#noconfig for more info.
 }}}
